[15:34:24] [main/INFO]: Environment: authHost='https://authserver.mojang.com', accountsHost='https://api.mojang.com', sessionHost='https://sessionserver.mojang.com', servicesHost='https://api.minecraftservices.com', name='PROD'
[15:34:24] [main/WARN]: Ambiguity between arguments [teleport, location] and [teleport, destination] with inputs: [0.1 -0.5 .9, 0 0 0]
[15:34:24] [main/WARN]: Ambiguity between arguments [teleport, location] and [teleport, targets] with inputs: [0.1 -0.5 .9, 0 0 0]
[15:34:24] [main/WARN]: Ambiguity between arguments [teleport, destination] and [teleport, targets] with inputs: [Player, 0123, @e, dd12be42-52a9-4a91-a8a1-11c01849e498]
[15:34:24] [main/WARN]: Ambiguity between arguments [teleport, targets] and [teleport, destination] with inputs: [Player, 0123, dd12be42-52a9-4a91-a8a1-11c01849e498]
[15:34:24] [main/WARN]: Ambiguity between arguments [teleport, targets, location] and [teleport, targets, destination] with inputs: [0.1 -0.5 .9, 0 0 0]
[15:34:24] [main/INFO]: Reloading ResourceManager: Default
[15:34:24] [Worker-Main-12/INFO]: Loaded 7 recipes
[15:34:25] [Worker-Main-12/INFO]: Loaded 1137 advancements
[15:34:27] [Server thread/INFO]: Starting minecraft server version 1.17.1
[15:34:27] [Server thread/INFO]: Loading properties
[15:34:27] [Server thread/INFO]: Default game type: SURVIVAL
[15:34:27] [Server thread/INFO]: Generating keypair
[15:34:27] [Server console handler/ERROR]: Exception handling console input
java.io.IOException: Das Handle ist ungültig
	at java.io.FileInputStream.readBytes(Native Method) ~[?:?]
	at java.io.FileInputStream.read(FileInputStream.java:276) ~[?:?]
	at java.io.BufferedInputStream.read1(BufferedInputStream.java:282) ~[?:?]
	at java.io.BufferedInputStream.read(BufferedInputStream.java:343) ~[?:?]
	at sun.nio.cs.StreamDecoder.readBytes(StreamDecoder.java:270) ~[?:?]
	at sun.nio.cs.StreamDecoder.implRead(StreamDecoder.java:313) ~[?:?]
	at sun.nio.cs.StreamDecoder.read(StreamDecoder.java:188) ~[?:?]
	at java.io.InputStreamReader.read(InputStreamReader.java:177) ~[?:?]
	at java.io.BufferedReader.fill(BufferedReader.java:162) ~[?:?]
	at java.io.BufferedReader.readLine(BufferedReader.java:329) ~[?:?]
	at java.io.BufferedReader.readLine(BufferedReader.java:396) ~[?:?]
	at aas$1.run(SourceFile:101) [server.jar:?]
[15:34:27] [Server thread/INFO]: Starting Minecraft server on *:25565
[15:34:27] [Server thread/INFO]: Using default channel type
[15:34:27] [Server thread/WARN]: **** SERVER IS RUNNING IN OFFLINE/INSECURE MODE!
[15:34:27] [Server thread/WARN]: The server will make no attempt to authenticate usernames. Beware.
[15:34:27] [Server thread/WARN]: While this makes the game possible to play without internet access, it also opens up the ability for hackers to connect with any username they choose.
[15:34:27] [Server thread/WARN]: To change this, set "online-mode" to "true" in the server.properties file.
[15:34:27] [Server thread/INFO]: Preparing level "world"
[15:34:27] [Server thread/INFO]: Preparing start region for dimension minecraft:overworld
[15:34:27] [Worker-Main-12/INFO]: Preparing spawn area: 0%
[15:34:28] [Worker-Main-13/INFO]: Preparing spawn area: 0%
[15:34:31] [Worker-Main-12/INFO]: Preparing spawn area: 0%
[15:34:31] [Worker-Main-12/INFO]: Preparing spawn area: 0%
[15:34:31] [Worker-Main-10/INFO]: Preparing spawn area: 0%
[15:34:31] [Worker-Main-13/INFO]: Preparing spawn area: 0%
[15:34:31] [Worker-Main-12/INFO]: Preparing spawn area: 0%
[15:34:31] [Worker-Main-13/INFO]: Preparing spawn area: 0%
[15:34:31] [Worker-Main-10/INFO]: Preparing spawn area: 0%
[15:34:32] [Worker-Main-9/INFO]: Preparing spawn area: 23%
[15:34:32] [Worker-Main-12/INFO]: Preparing spawn area: 75%
[15:34:33] [Worker-Main-12/INFO]: Preparing spawn area: 96%
[15:34:33] [Server thread/INFO]: Time elapsed: 5634 ms
[15:34:33] [Server thread/INFO]: Done (5.754s)! For help, type "help"
[15:34:44] [Server thread/INFO]: LerryBot[/127.0.0.1:53059] logged in with entity id 13 at (214.37096723020392, 64.0, 181.4983878317833)
[15:34:44] [Server thread/INFO]: LerryBot joined the game
[15:34:46] [Server thread/INFO]: <LerryBot> DEBUG MODE: ON
[15:34:47] [Server thread/INFO]: LerryBot lost connection: Disconnected
[15:34:47] [Server thread/INFO]: LerryBot left the game
[15:34:52] [Server thread/INFO]: LerryBot[/127.0.0.1:53071] logged in with entity id 14 at (214.37096723020392, 64.0, 181.4983878317833)
[15:34:52] [Server thread/INFO]: LerryBot joined the game
[15:34:53] [Server thread/INFO]: <LerryBot> DEBUG MODE: ON
[15:35:12] [Server thread/INFO]: <LerryBot> I have enough cobble
[15:37:01] [Server thread/INFO]: LerryBot lost connection: Disconnected
[15:37:01] [Server thread/INFO]: LerryBot left the game
[17:01:01] [Server thread/INFO]: LerryBot[/127.0.0.1:49776] logged in with entity id 59 at (214.5, 64.0, 181.50321244098848)
[17:01:01] [Server thread/INFO]: LerryBot joined the game
[17:01:02] [Server thread/INFO]: <LerryBot> DEBUG MODE: ON
[17:01:07] [Server thread/INFO]: LerryBot lost connection: Disconnected
[17:01:07] [Server thread/INFO]: LerryBot left the game
[17:01:22] [Server thread/INFO]: LerryBot[/127.0.0.1:49784] logged in with entity id 62 at (214.5, 64.0, 181.50321244098848)
[17:01:22] [Server thread/INFO]: LerryBot joined the game
[17:01:22] [Server thread/INFO]: <LerryBot> DEBUG MODE: ON
[17:01:33] [Server thread/INFO]: LerryBot lost connection: Disconnected
[17:01:33] [Server thread/INFO]: LerryBot left the game
[17:01:35] [Server thread/INFO]: LerryBot[/127.0.0.1:49790] logged in with entity id 69 at (214.5, 64.0, 181.50321244098848)
[17:01:35] [Server thread/INFO]: LerryBot joined the game
[17:01:36] [Server thread/INFO]: <LerryBot> DEBUG MODE: ON
[17:01:48] [Server thread/INFO]: <LerryBot> I have enough cobble
[17:02:44] [Server thread/INFO]: <LerryBot> I have enough cobble
[17:03:12] [Server thread/INFO]: <LerryBot> I have enough cobble
[17:04:17] [Server thread/INFO]: <LerryBot> I have enough cobble
[17:05:20] [Server thread/INFO]: <LerryBot> I have enough cobble
[17:06:21] [Server thread/INFO]: <LerryBot> I have enough cobble
[17:07:24] [Server thread/INFO]: <LerryBot> I have enough cobble
[17:07:44] [Server thread/INFO]: <LerryBot> I have enough cobble
[17:08:45] [Server thread/INFO]: <LerryBot> I have enough cobble
[17:09:52] [Server thread/INFO]: <LerryBot> I have enough cobble
[17:11:42] [Server thread/INFO]: <LerryBot> I have enough cobble
[17:12:30] [Server thread/INFO]: <LerryBot> I have enough cobble
[17:12:54] [Server thread/INFO]: <LerryBot> I have enough cobble
[17:14:14] [Server thread/INFO]: <LerryBot> I have enough cobble
[17:15:02] [Server thread/INFO]: <LerryBot> I have enough cobble
[17:16:03] [Server thread/INFO]: <LerryBot> I have enough cobble
[17:16:49] [Server thread/INFO]: <LerryBot> I have enough cobble
[17:17:27] [Server thread/INFO]: <LerryBot> I have enough cobble
[17:18:28] [Server thread/INFO]: <LerryBot> I have enough cobble
[17:19:20] [Server thread/INFO]: <LerryBot> I have enough cobble
[17:19:51] [Server thread/INFO]: <LerryBot> I have enough cobble
[17:21:25] [Server thread/INFO]: <LerryBot> I have enough cobble
[17:22:25] [Server thread/INFO]: <LerryBot> I have enough cobble
[17:22:53] [Server thread/INFO]: <LerryBot> I have enough cobble
[17:23:54] [Server thread/INFO]: <LerryBot> I have enough cobble
[17:24:57] [Server thread/INFO]: <LerryBot> I have enough cobble
[17:25:17] [Server thread/INFO]: <LerryBot> I have enough cobble
[17:26:15] [Server thread/INFO]: <LerryBot> I have enough cobble
[17:27:15] [Server thread/INFO]: <LerryBot> I have enough cobble
[17:28:23] [Server thread/INFO]: <LerryBot> I have enough cobble
[17:29:24] [Server thread/INFO]: <LerryBot> I have enough cobble
[17:31:03] [Server thread/INFO]: <LerryBot> I have enough cobble
[17:31:27] [Server thread/INFO]: <LerryBot> I have enough cobble
[17:32:28] [Server thread/INFO]: <LerryBot> I have enough cobble
[17:33:24] [Server thread/INFO]: <LerryBot> I have enough cobble
[17:33:51] [Server thread/INFO]: <LerryBot> I have enough cobble
[17:34:48] [Server thread/INFO]: LerryBot lost connection: Disconnected
[17:34:48] [Server thread/INFO]: LerryBot left the game
[17:34:58] [Server thread/INFO]: Stopping server
[17:34:58] [Server thread/INFO]: Saving players
[17:34:58] [Server thread/INFO]: Saving worlds
[17:34:58] [Server thread/INFO]: Saving chunks for level 'ServerLevel[world]'/minecraft:overworld
[17:34:58] [Server thread/INFO]: Saving chunks for level 'ServerLevel[world]'/minecraft:the_nether
[17:34:58] [Server thread/INFO]: Saving chunks for level 'ServerLevel[world]'/minecraft:the_end
[17:34:58] [Server thread/INFO]: ThreadedAnvilChunkStorage (world): All chunks are saved
[17:34:58] [Server thread/INFO]: ThreadedAnvilChunkStorage (DIM-1): All chunks are saved
[17:34:58] [Server thread/INFO]: ThreadedAnvilChunkStorage (DIM1): All chunks are saved
[17:34:58] [Server thread/INFO]: ThreadedAnvilChunkStorage: All dimensions are saved
